<?xml version="1.0" encoding="UTF-8"?>
<!-- Generated by org.testng.reporters.JUnitXMLReporter -->
<testsuite hostname="SVRODK00071" ignored="0" name="Suite" tests="10" failures="1" timestamp="23 Jul 2018 14:51:56 GMT" time="113.824" errors="0">
  <testcase name="testAutomationContact" time="1.225" classname="fraameworkTest.ContactTest"/>
  <testcase name="testAutomationEmptySend" time="1.489" classname="fraameworkTest.ContactTest"/>
  <testcase name="inSignIn" time="2.249" classname="fraameworkTest.SignInPageTest"/>
  <testcase name="login" time="3.283" classname="fraameworkTest.SignInPageTest"/>
  <testcase name="loginBad" time="2.411" classname="fraameworkTest.SignInPageTest"/>
  <testcase name="addToCartProductPage" time="7.418" classname="fraameworkTest.AccountTest"/>
  <testcase name="inAccountTest" time="2.701" classname="fraameworkTest.AccountTest"/>
  <testcase name="searchTest" time="4.048" classname="fraameworkTest.AccountTest"/>
  <testcase name="searchValidation" time="4.126" classname="fraameworkTest.AccountTest">
    <failure type="java.lang.AssertionError" message="not all elements contain Dress expected [true] but found [false]">
      <![CDATA[java.lang.AssertionError: not all elements contain Dress expected [true] but found [false]
at fraameworkTest.AccountTest.searchValidation(AccountTest.java:161)
... Removed 28 stack frames]]>
    </failure>
  </testcase> <!-- searchValidation -->
  <testcase name="inHomePage" time="0.047" classname="fraameworkTest.HomePageTest"/>
</testsuite> <!-- Suite -->
