<html>
<head>
<title>TestNG:  Suite</title>
<link href="../testng.css" rel="stylesheet" type="text/css" />
<link href="../my-testng.css" rel="stylesheet" type="text/css" />

<style type="text/css">
.log { display: none;} 
.stack-trace { display: none;} 
</style>
<script type="text/javascript">
<!--
function flip(e) {
  current = e.style.display;
  if (current == 'block') {
    e.style.display = 'none';
    return 0;
  }
  else {
    e.style.display = 'block';
    return 1;
  }
}

function toggleBox(szDivId, elem, msg1, msg2)
{
  var res = -1;  if (document.getElementById) {
    res = flip(document.getElementById(szDivId));
  }
  else if (document.all) {
    // this is the way old msie versions work
    res = flip(document.all[szDivId]);
  }
  if(elem) {
    if(res == 0) elem.innerHTML = msg1; else elem.innerHTML = msg2;
  }

}

function toggleAllBoxes() {
  if (document.getElementsByTagName) {
    d = document.getElementsByTagName('div');
    for (i = 0; i < d.length; i++) {
      if (d[i].className == 'log') {
        flip(d[i]);
      }
    }
  }
}

// -->
</script>

</head>
<body>
<h2 align='center'>Suite</h2><table border='1' align="center">
<tr>
<td>Tests passed/Failed/Skipped:</td><td>9/1/0</td>
</tr><tr>
<td>Started on:</td><td>Mon Jul 23 17:50:02 EEST 2018</td>
</tr>
<tr><td>Total time:</td><td>113 seconds (113824 ms)</td>
</tr><tr>
<td>Included groups:</td><td></td>
</tr><tr>
<td>Excluded groups:</td><td></td>
</tr>
</table><p/>
<small><i>(Hover the method name to see the test class name)</i></small><p/>
<table width='100%' border='1' class='invocation-failed'>
<tr><td colspan='4' align='center'><b>FAILED TESTS</b></td></tr>
<tr><td><b>Test method</b></td>
<td width="30%"><b>Exception</b></td>
<td width="10%"><b>Time (seconds)</b></td>
<td><b>Instance</b></td>
</tr>
<tr>
<td title='fraameworkTest.AccountTest.searchValidation()'><b>searchValidation</b><br>Test class: fraameworkTest.AccountTest</td>
<td><div><pre>java.lang.AssertionError: not all elements contain Dress expected [true] but found [false]
	at fraameworkTest.AccountTest.searchValidation(AccountTest.java:161)
... Removed 28 stack frames</pre></div><a href='#' onClick='toggleBox("stack-trace1804638579", this, "Click to show all stack frames", "Click to hide stack frames")'>Click to show all stack frames</a>
<div class='stack-trace' id='stack-trace1804638579'><pre>java.lang.AssertionError: not all elements contain Dress expected [true] but found [false]
	at org.testng.Assert.fail(Assert.java:96)
	at org.testng.Assert.failNotEquals(Assert.java:776)
	at org.testng.Assert.assertTrue(Assert.java:44)
	at fraameworkTest.AccountTest.searchValidation(AccountTest.java:161)
	at sun.reflect.NativeMethodAccessorImpl.invoke0(Native Method)
	at sun.reflect.NativeMethodAccessorImpl.invoke(Unknown Source)
	at sun.reflect.DelegatingMethodAccessorImpl.invoke(Unknown Source)
	at java.lang.reflect.Method.invoke(Unknown Source)
	at org.testng.internal.MethodInvocationHelper.invokeMethod(MethodInvocationHelper.java:124)
	at org.testng.internal.Invoker.invokeMethod(Invoker.java:580)
	at org.testng.internal.Invoker.invokeTestMethod(Invoker.java:716)
	at org.testng.internal.Invoker.invokeTestMethods(Invoker.java:988)
	at org.testng.internal.TestMethodWorker.invokeTestMethods(TestMethodWorker.java:125)
	at org.testng.internal.TestMethodWorker.run(TestMethodWorker.java:109)
	at org.testng.TestRunner.privateRun(TestRunner.java:648)
	at org.testng.TestRunner.run(TestRunner.java:505)
	at org.testng.SuiteRunner.runTest(SuiteRunner.java:455)
	at org.testng.SuiteRunner.runSequentially(SuiteRunner.java:450)
	at org.testng.SuiteRunner.privateRun(SuiteRunner.java:415)
	at org.testng.SuiteRunner.run(SuiteRunner.java:364)
	at org.testng.SuiteRunnerWorker.runSuite(SuiteRunnerWorker.java:52)
	at org.testng.SuiteRunnerWorker.run(SuiteRunnerWorker.java:84)
	at org.testng.TestNG.runSuitesSequentially(TestNG.java:1208)
	at org.testng.TestNG.runSuitesLocally(TestNG.java:1137)
	at org.testng.TestNG.runSuites(TestNG.java:1049)
	at org.testng.TestNG.run(TestNG.java:1017)
	at org.testng.remote.AbstractRemoteTestNG.run(AbstractRemoteTestNG.java:114)
	at org.testng.remote.RemoteTestNG.initAndRun(RemoteTestNG.java:251)
	at org.testng.remote.RemoteTestNG.main(RemoteTestNG.java:77)
</pre></div></td>
<td>4</td>
<td>fraameworkTest.AccountTest@39c0f4a</td></tr>
</table><p>
<table width='100%' border='1' class='invocation-passed'>
<tr><td colspan='4' align='center'><b>PASSED TESTS</b></td></tr>
<tr><td><b>Test method</b></td>
<td width="30%"><b>Exception</b></td>
<td width="10%"><b>Time (seconds)</b></td>
<td><b>Instance</b></td>
</tr>
<tr>
<td title='fraameworkTest.AccountTest.addToCartProductPage()'><b>addToCartProductPage</b><br>Test class: fraameworkTest.AccountTest</td>
<td></td>
<td>7</td>
<td>fraameworkTest.AccountTest@39c0f4a</td></tr>
<tr>
<td title='fraameworkTest.AccountTest.inAccountTest()'><b>inAccountTest</b><br>Test class: fraameworkTest.AccountTest</td>
<td></td>
<td>2</td>
<td>fraameworkTest.AccountTest@39c0f4a</td></tr>
<tr>
<td title='fraameworkTest.HomePageTest.inHomePage()'><b>inHomePage</b><br>Test class: fraameworkTest.HomePageTest</td>
<td></td>
<td>0</td>
<td>fraameworkTest.HomePageTest@1794d431</td></tr>
<tr>
<td title='fraameworkTest.SignInPageTest.inSignIn()'><b>inSignIn</b><br>Test class: fraameworkTest.SignInPageTest</td>
<td></td>
<td>2</td>
<td>fraameworkTest.SignInPageTest@7d9d1a19</td></tr>
<tr>
<td title='fraameworkTest.SignInPageTest.login()'><b>login</b><br>Test class: fraameworkTest.SignInPageTest</td>
<td></td>
<td>3</td>
<td>fraameworkTest.SignInPageTest@7d9d1a19</td></tr>
<tr>
<td title='fraameworkTest.SignInPageTest.loginBad()'><b>loginBad</b><br>Test class: fraameworkTest.SignInPageTest</td>
<td></td>
<td>2</td>
<td>fraameworkTest.SignInPageTest@7d9d1a19</td></tr>
<tr>
<td title='fraameworkTest.AccountTest.searchTest()'><b>searchTest</b><br>Test class: fraameworkTest.AccountTest</td>
<td></td>
<td>4</td>
<td>fraameworkTest.AccountTest@39c0f4a</td></tr>
<tr>
<td title='fraameworkTest.ContactTest.testAutomationContact()'><b>testAutomationContact</b><br>Test class: fraameworkTest.ContactTest</td>
<td></td>
<td>1</td>
<td>fraameworkTest.ContactTest@4883b407</td></tr>
<tr>
<td title='fraameworkTest.ContactTest.testAutomationEmptySend()'><b>testAutomationEmptySend</b><br>Test class: fraameworkTest.ContactTest</td>
<td></td>
<td>1</td>
<td>fraameworkTest.ContactTest@4883b407</td></tr>
</table><p>
</body>
</html>